<?xml version="1.0" encoding="UTF-8"?>
<robot generator="Robot 3.2.1 (Python 3.8.3 on win32)" generated="20200702 21:10:00.232" rpa="false">
<suite id="s1" name="TestScript" source="C:\Users\Abhisek Sen\Desktop\VS_Code_Test\Test_Project\Test Cases\TestScript.robot">
<test id="s1-t1" name="TestCase">
<kw name="Create Session">
<kw name="Create Webdriver" library="SeleniumLibrary">
<doc>Creates an instance of Selenium WebDriver.</doc>
<arguments>
<arg>Chrome</arg>
<arg>executable_path=C:/Users/Abhisek Sen/Desktop/VS_Code_Test/Test_Project/Drivers/chromedriver.exe</arg>
</arguments>
<msg timestamp="20200702 21:10:01.419" level="INFO">Creating an instance of the Chrome WebDriver.</msg>
<status status="PASS" starttime="20200702 21:10:01.417" endtime="20200702 21:10:05.750"></status>
</kw>
<kw name="Go To" library="SeleniumLibrary">
<doc>Navigates the current browser window to the provided ``url``.</doc>
<arguments>
<arg>https://www.google.com</arg>
</arguments>
<msg timestamp="20200702 21:10:05.750" level="INFO">Opening url 'https://www.google.com'</msg>
<status status="PASS" starttime="20200702 21:10:05.750" endtime="20200702 21:10:08.788"></status>
</kw>
<kw name="Close Browser" library="SeleniumLibrary">
<doc>Closes the current browser.</doc>
<status status="PASS" starttime="20200702 21:10:08.789" endtime="20200702 21:10:11.349"></status>
</kw>
<status status="PASS" starttime="20200702 21:10:01.415" endtime="20200702 21:10:11.349"></status>
</kw>
<status status="PASS" starttime="20200702 21:10:01.412" endtime="20200702 21:10:11.353" critical="yes"></status>
</test>
<doc>My first Test Cases</doc>
<status status="PASS" starttime="20200702 21:10:00.248" endtime="20200702 21:10:11.367"></status>
</suite>
<statistics>
<total>
<stat pass="1" fail="0">Critical Tests</stat>
<stat pass="1" fail="0">All Tests</stat>
</total>
<tag>
</tag>
<suite>
<stat pass="1" fail="0" id="s1" name="TestScript">TestScript</stat>
</suite>
</statistics>
<errors>
</errors>
</robot>
